This file contains any messages produced by compilers while
running configure, to aid debugging if configure makes a mistake.

It was created by pocketsphinx configure 0.8, which was
generated by GNU Autoconf 2.65.  Invocation command line was

  $ ./configure 

## --------- ##
## Platform. ##
## --------- ##

hostname = XuZenandeMacBook-Pro.local
uname -m = x86_64
uname -r = 14.5.0
uname -s = Darwin
uname -v = Darwin Kernel Version 14.5.0: Wed Jul 29 02:26:53 PDT 2015; root:xnu-2782.40.9~1/RELEASE_X86_64

/usr/bin/uname -p = i386
/bin/uname -X     = unknown

/bin/arch              = unknown
/usr/bin/arch -k       = unknown
/usr/convex/getsysinfo = unknown
/usr/bin/hostinfo      = Mach kernel version:
	 Darwin Kernel Version 14.5.0: Wed Jul 29 02:26:53 PDT 2015; root:xnu-2782.40.9~1/RELEASE_X86_64
Kernel configured for up to 4 processors.
2 processors are physically available.
4 processors are logically available.
Processor type: x86_64h (Intel x86-64h Haswell)
Processors active: 0 1 2 3
Primary memory available: 8.00 gigabytes
Default processor set: 286 tasks, 1428 threads, 4 processors
Load average: 2.57, Mach factor: 1.60
/bin/machine           = unknown
/usr/bin/oslevel       = unknown
/bin/universe          = unknown

PATH: /usr/local/bin
PATH: /usr/bin
PATH: /bin
PATH: /usr/sbin
PATH: /sbin
PATH: /Users/zezenan/Desktop/IHME/trunk/chromedriver 
PATH: /opt/X11/bin
PATH: /Library/TeX/texbin


## ----------- ##
## Core tests. ##
## ----------- ##

configure:2613: checking for a BSD-compatible install
configure:2681: result: /usr/bin/install -c
configure:2692: checking whether build environment is sane
configure:2742: result: yes
configure:2883: checking for a thread-safe mkdir -p
configure:2922: result: ./install-sh -c -d
configure:2935: checking for gawk
configure:2965: result: no
configure:2935: checking for mawk
configure:2965: result: no
configure:2935: checking for nawk
configure:2965: result: no
configure:2935: checking for awk
configure:2951: found /usr/bin/awk
configure:2962: result: awk
configure:2973: checking whether make sets $(MAKE)
configure:2995: result: yes
configure:3074: checking build system type
configure:3088: result: x86_64-apple-darwin14.5.0
configure:3108: checking host system type
configure:3121: result: x86_64-apple-darwin14.5.0
configure:3207: checking for gcc
configure:3223: found /usr/bin/gcc
configure:3234: result: gcc
configure:3463: checking for C compiler version
configure:3472: gcc --version >&5
Apple LLVM version 6.1.0 (clang-602.0.53) (based on LLVM 3.6.0svn)
Target: x86_64-apple-darwin14.5.0
Thread model: posix
Configured with: --prefix=/Applications/Xcode.app/Contents/Developer/usr --with-gxx-include-dir=/Applications/Xcode.app/Contents/Developer/Platforms/MacOSX.platform/Developer/SDKs/MacOSX10.10.sdk/usr/include/c++/4.2.1
configure:3483: $? = 0
configure:3472: gcc -v >&5
Configured with: --prefix=/Applications/Xcode.app/Contents/Developer/usr --with-gxx-include-dir=/Applications/Xcode.app/Contents/Developer/Platforms/MacOSX.platform/Developer/SDKs/MacOSX10.10.sdk/usr/include/c++/4.2.1
Apple LLVM version 6.1.0 (clang-602.0.53) (based on LLVM 3.6.0svn)
Target: x86_64-apple-darwin14.5.0
Thread model: posix
configure:3483: $? = 0
configure:3472: gcc -V >&5
clang: error: argument to '-V' is missing (expected 1 value)
clang: error: no input files
configure:3483: $? = 1
configure:3472: gcc -qversion >&5
clang: error: unknown argument: '-qversion'
clang: error: no input files
configure:3483: $? = 1
configure:3503: checking whether the C compiler works
configure:3525: gcc -g -O2 -Wall   conftest.c  -framework CoreAudio -framework AudioToolbox >&5
configure:3529: $? = 0
configure:3578: result: yes
configure:3581: checking for C compiler default output file name
configure:3583: result: a.out
configure:3589: checking for suffix of executables
configure:3596: gcc -o conftest -g -O2 -Wall   conftest.c  -framework CoreAudio -framework AudioToolbox >&5
configure:3600: $? = 0
configure:3622: result: 
configure:3644: checking whether we are cross compiling
configure:3652: gcc -o conftest -g -O2 -Wall   conftest.c  -framework CoreAudio -framework AudioToolbox >&5
configure:3656: $? = 0
configure:3663: ./conftest
configure:3667: $? = 0
configure:3682: result: no
configure:3687: checking for suffix of object files
configure:3709: gcc -c -g -O2 -Wall  conftest.c >&5
configure:3713: $? = 0
configure:3734: result: o
configure:3738: checking whether we are using the GNU C compiler
configure:3757: gcc -c -g -O2 -Wall  conftest.c >&5
configure:3757: $? = 0
configure:3766: result: yes
configure:3775: checking whether gcc accepts -g
configure:3795: gcc -c -g  conftest.c >&5
configure:3795: $? = 0
configure:3836: result: yes
configure:3853: checking for gcc option to accept ISO C89
configure:3917: gcc  -c -g -O2 -Wall  conftest.c >&5
configure:3917: $? = 0
configure:3930: result: none needed
configure:3961: checking for style of include used by make
configure:3989: result: GNU
configure:4014: checking dependency style of gcc
configure:4124: result: gcc3
configure:4164: checking for a sed that does not truncate output
configure:4228: result: /usr/bin/sed
configure:4246: checking for grep that handles long lines and -e
configure:4304: result: /usr/bin/grep
configure:4309: checking for egrep
configure:4371: result: /usr/bin/grep -E
configure:4376: checking for fgrep
configure:4438: result: /usr/bin/grep -F
configure:4473: checking for ld used by gcc
configure:4540: result: /Applications/Xcode.app/Contents/Developer/Toolchains/XcodeDefault.xctoolchain/usr/bin/ld
configure:4547: checking if the linker (/Applications/Xcode.app/Contents/Developer/Toolchains/XcodeDefault.xctoolchain/usr/bin/ld) is GNU ld
configure:4562: result: no
configure:4574: checking for BSD- or MS-compatible name lister (nm)
configure:4623: result: /usr/bin/nm
configure:4741: checking the name lister (/usr/bin/nm) interface
configure:4748: gcc -c -g -O2 -Wall  conftest.c >&5
configure:4751: /usr/bin/nm "conftest.o"
configure:4754: output
00000000000001ec S _some_variable
configure:4761: result: BSD nm
configure:4764: checking whether ln -s works
configure:4768: result: yes
configure:4776: checking the maximum length of command line arguments
configure:4896: result: 196608
configure:4913: checking whether the shell understands some XSI constructs
configure:4923: result: yes
configure:4927: checking whether the shell understands "+="
configure:4933: result: yes
configure:4968: checking for /Applications/Xcode.app/Contents/Developer/Toolchains/XcodeDefault.xctoolchain/usr/bin/ld option to reload object files
configure:4975: result: -r
configure:5044: checking for objdump
configure:5074: result: no
configure:5103: checking how to recognize dependent libraries
configure:5299: result: pass_all
configure:5359: checking for ar
configure:5375: found /usr/bin/ar
configure:5386: result: ar
configure:5464: checking for strip
configure:5480: found /usr/bin/strip
configure:5491: result: strip
configure:5563: checking for ranlib
configure:5579: found /usr/bin/ranlib
configure:5590: result: ranlib
configure:5680: checking command to parse /usr/bin/nm output from gcc object
configure:5798: gcc -c -g -O2 -Wall  conftest.c >&5
configure:5801: $? = 0
configure:5805: /usr/bin/nm conftest.o \| sed -n -e 's/^.*[	 ]\([BCDEGRST][BCDEGRST]*\)[	 ][	 ]*\([_A-Za-z][_A-Za-z0-9]*\)$/\1 \2 \2/p' \> conftest.nm
configure:5808: $? = 0
cannot find nm_test_var in conftest.nm
configure:5798: gcc -c -g -O2 -Wall  conftest.c >&5
configure:5801: $? = 0
configure:5805: /usr/bin/nm conftest.o \| sed -n -e 's/^.*[	 ]\([BCDEGRST][BCDEGRST]*\)[	 ][	 ]*_\([_A-Za-z][_A-Za-z0-9]*\)$/\1 _\2 \2/p' \> conftest.nm
configure:5808: $? = 0
configure:5862: gcc -o conftest -g -O2 -Wall   conftest.c conftstm.o >&5
configure:5865: $? = 0
configure:5903: result: ok
configure:6168: checking for dsymutil
configure:6184: found /usr/bin/dsymutil
configure:6195: result: dsymutil
configure:6260: checking for nmedit
configure:6276: found /usr/bin/nmedit
configure:6287: result: nmedit
configure:6352: checking for lipo
configure:6368: found /usr/bin/lipo
configure:6379: result: lipo
configure:6444: checking for otool
configure:6460: found /usr/bin/otool
configure:6471: result: otool
configure:6536: checking for otool64
configure:6566: result: no
configure:6611: checking for -single_module linker flag
gcc -g -O2 -Wall  -o libconftest.dylib -dynamiclib -Wl,-single_module conftest.c
configure:6638: result: yes
configure:6640: checking for -exported_symbols_list linker flag
configure:6660: gcc -o conftest -g -O2 -Wall   -Wl,-exported_symbols_list,conftest.sym conftest.c  -framework CoreAudio -framework AudioToolbox >&5
configure:6660: $? = 0
configure:6670: result: yes
configure:6712: checking how to run the C preprocessor
configure:6743: gcc -E  conftest.c
configure:6743: $? = 0
configure:6757: gcc -E  conftest.c
conftest.c:9:10: fatal error: 'ac_nonexistent.h' file not found
#include <ac_nonexistent.h>
         ^
1 error generated.
configure:6757: $? = 1
configure: failed program was:
| /* confdefs.h */
| #define PACKAGE_NAME "pocketsphinx"
| #define PACKAGE_TARNAME "pocketsphinx"
| #define PACKAGE_VERSION "0.8"
| #define PACKAGE_STRING "pocketsphinx 0.8"
| #define PACKAGE_BUGREPORT ""
| #define PACKAGE_URL ""
| /* end confdefs.h.  */
| #include <ac_nonexistent.h>
configure:6782: result: gcc -E
configure:6802: gcc -E  conftest.c
configure:6802: $? = 0
configure:6816: gcc -E  conftest.c
conftest.c:9:10: fatal error: 'ac_nonexistent.h' file not found
#include <ac_nonexistent.h>
         ^
1 error generated.
configure:6816: $? = 1
configure: failed program was:
| /* confdefs.h */
| #define PACKAGE_NAME "pocketsphinx"
| #define PACKAGE_TARNAME "pocketsphinx"
| #define PACKAGE_VERSION "0.8"
| #define PACKAGE_STRING "pocketsphinx 0.8"
| #define PACKAGE_BUGREPORT ""
| #define PACKAGE_URL ""
| /* end confdefs.h.  */
| #include <ac_nonexistent.h>
configure:6845: checking for ANSI C header files
configure:6865: gcc -c -g -O2 -Wall  conftest.c >&5
configure:6865: $? = 0
configure:6938: gcc -o conftest -g -O2 -Wall   conftest.c  -framework CoreAudio -framework AudioToolbox >&5
configure:6938: $? = 0
configure:6938: ./conftest
configure:6938: $? = 0
configure:6949: result: yes
configure:6962: checking for sys/types.h
configure:6962: gcc -c -g -O2 -Wall  conftest.c >&5
configure:6962: $? = 0
configure:6962: result: yes
configure:6962: checking for sys/stat.h
configure:6962: gcc -c -g -O2 -Wall  conftest.c >&5
configure:6962: $? = 0
configure:6962: result: yes
configure:6962: checking for stdlib.h
configure:6962: gcc -c -g -O2 -Wall  conftest.c >&5
configure:6962: $? = 0
configure:6962: result: yes
configure:6962: checking for string.h
configure:6962: gcc -c -g -O2 -Wall  conftest.c >&5
configure:6962: $? = 0
configure:6962: result: yes
configure:6962: checking for memory.h
configure:6962: gcc -c -g -O2 -Wall  conftest.c >&5
configure:6962: $? = 0
configure:6962: result: yes
configure:6962: checking for strings.h
configure:6962: gcc -c -g -O2 -Wall  conftest.c >&5
configure:6962: $? = 0
configure:6962: result: yes
configure:6962: checking for inttypes.h
configure:6962: gcc -c -g -O2 -Wall  conftest.c >&5
configure:6962: $? = 0
configure:6962: result: yes
configure:6962: checking for stdint.h
configure:6962: gcc -c -g -O2 -Wall  conftest.c >&5
configure:6962: $? = 0
configure:6962: result: yes
configure:6962: checking for unistd.h
configure:6962: gcc -c -g -O2 -Wall  conftest.c >&5
configure:6962: $? = 0
configure:6962: result: yes
configure:6977: checking for dlfcn.h
configure:6977: gcc -c -g -O2 -Wall  conftest.c >&5
configure:6977: $? = 0
configure:6977: result: yes
configure:7161: checking for objdir
configure:7176: result: .libs
configure:7472: checking if gcc supports -fno-rtti -fno-exceptions
configure:7490: gcc -c -g -O2 -Wall  -fno-rtti -fno-exceptions conftest.c >&5
configure:7494: $? = 0
configure:7507: result: yes
configure:7527: checking for gcc option to produce PIC
configure:7799: result: -fno-common -DPIC
configure:7811: checking if gcc PIC flag -fno-common -DPIC works
configure:7829: gcc -c -g -O2 -Wall  -fno-common -DPIC -DPIC conftest.c >&5
configure:7833: $? = 0
configure:7846: result: yes
configure:7870: checking if gcc static flag -static works
configure:7898: result: no
configure:7913: checking if gcc supports -c -o file.o
configure:7934: gcc -c -g -O2 -Wall  -o out/conftest2.o conftest.c >&5
configure:7938: $? = 0
configure:7960: result: yes
configure:7968: checking if gcc supports -c -o file.o
configure:8015: result: yes
configure:8048: checking whether the gcc linker (/Applications/Xcode.app/Contents/Developer/Toolchains/XcodeDefault.xctoolchain/usr/bin/ld) supports shared libraries
configure:9034: result: yes
configure:9273: checking dynamic linker characteristics
configure:9927: result: darwin14.5.0 dyld
configure:10029: checking how to hardcode library paths into programs
configure:10054: result: immediate
configure:10574: checking whether stripping libraries is possible
configure:10588: result: yes
configure:10614: checking if libtool supports shared libraries
configure:10616: result: yes
configure:10619: checking whether to build shared libraries
configure:10640: result: yes
configure:10643: checking whether to build static libraries
configure:10647: result: yes
configure:10682: checking whether byte ordering is bigendian
configure:10697: gcc -c -g -O2 -Wall  conftest.c >&5
configure:10697: $? = 0
configure:10742: gcc -c -g -O2 -Wall  conftest.c >&5
configure:10742: $? = 0
configure:10760: gcc -c -g -O2 -Wall  conftest.c >&5
conftest.c:28:4: error: use of undeclared identifier 'not'
                 not big endian
                 ^
1 error generated.
configure:10760: $? = 1
configure: failed program was:
| /* confdefs.h */
| #define PACKAGE_NAME "pocketsphinx"
| #define PACKAGE_TARNAME "pocketsphinx"
| #define PACKAGE_VERSION "0.8"
| #define PACKAGE_STRING "pocketsphinx 0.8"
| #define PACKAGE_BUGREPORT ""
| #define PACKAGE_URL ""
| #define STDC_HEADERS 1
| #define HAVE_SYS_TYPES_H 1
| #define HAVE_SYS_STAT_H 1
| #define HAVE_STDLIB_H 1
| #define HAVE_STRING_H 1
| #define HAVE_MEMORY_H 1
| #define HAVE_STRINGS_H 1
| #define HAVE_INTTYPES_H 1
| #define HAVE_STDINT_H 1
| #define HAVE_UNISTD_H 1
| #define HAVE_DLFCN_H 1
| #define LT_OBJDIR ".libs/"
| /* end confdefs.h.  */
| #include <sys/types.h>
| 		#include <sys/param.h>
| 
| int
| main ()
| {
| #if BYTE_ORDER != BIG_ENDIAN
| 		 not big endian
| 		#endif
| 
|   ;
|   return 0;
| }
configure:10888: result: no
configure:10906: checking for long long
configure:10906: gcc -c -g -O2 -Wall  conftest.c >&5
configure:10906: $? = 0
configure:10906: gcc -c -g -O2 -Wall  conftest.c >&5
conftest.c:57:24: error: expected expression
if (sizeof ((long long)))
                       ^
1 error generated.
configure:10906: $? = 1
configure: failed program was:
| /* confdefs.h */
| #define PACKAGE_NAME "pocketsphinx"
| #define PACKAGE_TARNAME "pocketsphinx"
| #define PACKAGE_VERSION "0.8"
| #define PACKAGE_STRING "pocketsphinx 0.8"
| #define PACKAGE_BUGREPORT ""
| #define PACKAGE_URL ""
| #define STDC_HEADERS 1
| #define HAVE_SYS_TYPES_H 1
| #define HAVE_SYS_STAT_H 1
| #define HAVE_STDLIB_H 1
| #define HAVE_STRING_H 1
| #define HAVE_MEMORY_H 1
| #define HAVE_STRINGS_H 1
| #define HAVE_INTTYPES_H 1
| #define HAVE_STDINT_H 1
| #define HAVE_UNISTD_H 1
| #define HAVE_DLFCN_H 1
| #define LT_OBJDIR ".libs/"
| /* end confdefs.h.  */
| #include <stdio.h>
| #ifdef HAVE_SYS_TYPES_H
| # include <sys/types.h>
| #endif
| #ifdef HAVE_SYS_STAT_H
| # include <sys/stat.h>
| #endif
| #ifdef STDC_HEADERS
| # include <stdlib.h>
| # include <stddef.h>
| #else
| # ifdef HAVE_STDLIB_H
| #  include <stdlib.h>
| # endif
| #endif
| #ifdef HAVE_STRING_H
| # if !defined STDC_HEADERS && defined HAVE_MEMORY_H
| #  include <memory.h>
| # endif
| # include <string.h>
| #endif
| #ifdef HAVE_STRINGS_H
| # include <strings.h>
| #endif
| #ifdef HAVE_INTTYPES_H
| # include <inttypes.h>
| #endif
| #ifdef HAVE_STDINT_H
| # include <stdint.h>
| #endif
| #ifdef HAVE_UNISTD_H
| # include <unistd.h>
| #endif
| int
| main ()
| {
| if (sizeof ((long long)))
| 	    return 0;
|   ;
|   return 0;
| }
configure:10906: result: yes
configure:10920: checking size of long long
configure:10925: gcc -o conftest -g -O2 -Wall   conftest.c  -framework CoreAudio -framework AudioToolbox >&5
configure:10925: $? = 0
configure:10925: ./conftest
configure:10925: $? = 0
configure:10940: result: 8
configure:10952: checking for dup2
configure:10952: gcc -o conftest -g -O2 -Wall   conftest.c  -framework CoreAudio -framework AudioToolbox >&5
configure:10952: $? = 0
configure:10952: result: yes
configure:10964: checking for pkg-config
configure:10980: found /usr/local/bin/pkg-config
configure:10992: result: yes
configure:11003: checking for doxygen
configure:11031: result: no
configure:11073: checking for python
configure:11091: found /usr/bin/python
configure:11104: result: /usr/bin/python
configure:11114: checking for python-config
configure:11132: found /usr/bin/python-config
configure:11145: result: /usr/bin/python-config
configure:11157: checking Python.h usability
configure:11157: gcc -c -g -O2 -Wall  -I/System/Library/Frameworks/Python.framework/Versions/2.7/include/python2.7 -I/System/Library/Frameworks/Python.framework/Versions/2.7/include/python2.7 conftest.c >&5
configure:11157: $? = 0
configure:11157: result: yes
configure:11157: checking Python.h presence
configure:11157: gcc -E  -I/System/Library/Frameworks/Python.framework/Versions/2.7/include/python2.7 -I/System/Library/Frameworks/Python.framework/Versions/2.7/include/python2.7 conftest.c
configure:11157: $? = 0
configure:11157: result: yes
configure:11157: checking for Python.h
configure:11157: result: yes
configure:11186: checking for cython
configure:11214: result: no
configure:11282: checking for pkg-config
configure:11300: found /usr/local/bin/pkg-config
configure:11312: result: /usr/local/bin/pkg-config
configure:11337: checking pkg-config is at least version 0.9.0
configure:11340: result: yes
configure:11351: checking for GStreamer
configure:11361: $PKG_CONFIG --exists --print-errors "gstreamer-$GST_MAJORMINOR >= 0.10.0
		       gstreamer-base-$GST_MAJORMINOR >= 0.10.0
		       gstreamer-plugins-base-$GST_MAJORMINOR >= 0.10.0"
Package gstreamer-0.10 was not found in the pkg-config search path.
Perhaps you should add the directory containing `gstreamer-0.10.pc'
to the PKG_CONFIG_PATH environment variable
No package 'gstreamer-0.10' found
Package gstreamer-base-0.10 was not found in the pkg-config search path.
Perhaps you should add the directory containing `gstreamer-base-0.10.pc'
to the PKG_CONFIG_PATH environment variable
No package 'gstreamer-base-0.10' found
Package gstreamer-plugins-base-0.10 was not found in the pkg-config search path.
Perhaps you should add the directory containing `gstreamer-plugins-base-0.10.pc'
to the PKG_CONFIG_PATH environment variable
No package 'gstreamer-plugins-base-0.10' found
configure:11366: $? = 1
configure:11385: $PKG_CONFIG --exists --print-errors "gstreamer-$GST_MAJORMINOR >= 0.10.0
		       gstreamer-base-$GST_MAJORMINOR >= 0.10.0
		       gstreamer-plugins-base-$GST_MAJORMINOR >= 0.10.0"
Package gstreamer-0.10 was not found in the pkg-config search path.
Perhaps you should add the directory containing `gstreamer-0.10.pc'
to the PKG_CONFIG_PATH environment variable
No package 'gstreamer-0.10' found
Package gstreamer-base-0.10 was not found in the pkg-config search path.
Perhaps you should add the directory containing `gstreamer-base-0.10.pc'
to the PKG_CONFIG_PATH environment variable
No package 'gstreamer-base-0.10' found
Package gstreamer-plugins-base-0.10 was not found in the pkg-config search path.
Perhaps you should add the directory containing `gstreamer-plugins-base-0.10.pc'
to the PKG_CONFIG_PATH environment variable
No package 'gstreamer-plugins-base-0.10' found
configure:11390: $? = 1
No package 'gstreamer-0.10' found
No package 'gstreamer-base-0.10' found
No package 'gstreamer-plugins-base-0.10' found
configure:11424: result: no
configure:11491: checking for sphinxbase in /Users/zezenan/Downloads/pocketsphinx-0.8/../sphinxbase
configure:11499: result: no
configure:11491: checking for sphinxbase in /Users/zezenan/Downloads/pocketsphinx-0.8/../sphinxbase-0.8
configure:11495: result: yes
configure:11624: checking for /Users/zezenan/Downloads/pocketsphinx-0.8/../sphinxbase-0.8/include/sphinxbase/prim_type.h
configure:11638: result: yes
configure:11653: checking for /Users/zezenan/Downloads/pocketsphinx-0.8/../sphinxbase-0.8/src/libsphinxbase/libsphinxbase.la
configure:11667: result: yes
configure:11860: creating ./config.status

## ---------------------- ##
## Running config.status. ##
## ---------------------- ##

This file was extended by pocketsphinx config.status 0.8, which was
generated by GNU Autoconf 2.65.  Invocation command line was

  CONFIG_FILES    = 
  CONFIG_HEADERS  = 
  CONFIG_LINKS    = 
  CONFIG_COMMANDS = 
  $ ./config.status 

on XuZenandeMacBook-Pro.local

config.status:1026: creating pocketsphinx.pc
config.status:1026: creating Makefile
config.status:1026: creating include/Makefile
config.status:1026: creating python/Makefile
config.status:1026: creating python/setup.py
config.status:1026: creating src/Makefile
config.status:1026: creating src/libpocketsphinx/Makefile
config.status:1026: creating src/programs/Makefile
config.status:1026: creating src/gst-plugin/Makefile
config.status:1026: creating doc/Makefile
config.status:1026: creating doc/doxyfile
config.status:1026: creating model/Makefile
config.status:1026: creating model/hmm/Makefile
config.status:1026: creating model/lm/Makefile
config.status:1026: creating test/Makefile
config.status:1026: creating test/testfuncs.sh
config.status:1026: creating test/unit/Makefile
config.status:1026: creating test/regression/Makefile
config.status:1189: executing depfiles commands
config.status:1189: executing libtool commands

## ---------------- ##
## Cache variables. ##
## ---------------- ##

ac_cv_build=x86_64-apple-darwin14.5.0
ac_cv_c_bigendian=no
ac_cv_c_compiler_gnu=yes
ac_cv_env_CC_set=
ac_cv_env_CC_value=
ac_cv_env_CFLAGS_set=
ac_cv_env_CFLAGS_value=
ac_cv_env_CPPFLAGS_set=
ac_cv_env_CPPFLAGS_value=
ac_cv_env_CPP_set=
ac_cv_env_CPP_value=
ac_cv_env_GStreamer_CFLAGS_set=
ac_cv_env_GStreamer_CFLAGS_value=
ac_cv_env_GStreamer_LIBS_set=
ac_cv_env_GStreamer_LIBS_value=
ac_cv_env_LDFLAGS_set=
ac_cv_env_LDFLAGS_value=
ac_cv_env_LIBS_set=
ac_cv_env_LIBS_value=
ac_cv_env_PKG_CONFIG_set=
ac_cv_env_PKG_CONFIG_value=
ac_cv_env_SphinxBase_CFLAGS_set=
ac_cv_env_SphinxBase_CFLAGS_value=
ac_cv_env_SphinxBase_LIBS_set=
ac_cv_env_SphinxBase_LIBS_value=
ac_cv_env_build_alias_set=
ac_cv_env_build_alias_value=
ac_cv_env_host_alias_set=
ac_cv_env_host_alias_value=
ac_cv_env_target_alias_set=
ac_cv_env_target_alias_value=
ac_cv_file__Users_zezenan_Downloads_pocketsphinx_0_8____sphinxbase_0_8_include_sphinxbase_prim_type_h=yes
ac_cv_file__Users_zezenan_Downloads_pocketsphinx_0_8____sphinxbase_0_8_src_libsphinxbase_libsphinxbase_la=yes
ac_cv_func_dup2=yes
ac_cv_header_Python_h=yes
ac_cv_header_dlfcn_h=yes
ac_cv_header_inttypes_h=yes
ac_cv_header_memory_h=yes
ac_cv_header_stdc=yes
ac_cv_header_stdint_h=yes
ac_cv_header_stdlib_h=yes
ac_cv_header_string_h=yes
ac_cv_header_strings_h=yes
ac_cv_header_sys_stat_h=yes
ac_cv_header_sys_types_h=yes
ac_cv_header_unistd_h=yes
ac_cv_host=x86_64-apple-darwin14.5.0
ac_cv_objext=o
ac_cv_path_EGREP='/usr/bin/grep -E'
ac_cv_path_FGREP='/usr/bin/grep -F'
ac_cv_path_GREP=/usr/bin/grep
ac_cv_path_PYTHON=/usr/bin/python
ac_cv_path_PYTHON_CONFIG=/usr/bin/python-config
ac_cv_path_SED=/usr/bin/sed
ac_cv_path_ac_pt_PKG_CONFIG=/usr/local/bin/pkg-config
ac_cv_path_install='/usr/bin/install -c'
ac_cv_prog_AWK=awk
ac_cv_prog_CPP='gcc -E'
ac_cv_prog_HAVE_CYTHON=no
ac_cv_prog_HAVE_DOXYGEN=no
ac_cv_prog_HAVE_PKGCONFIG=yes
ac_cv_prog_ac_ct_AR=ar
ac_cv_prog_ac_ct_CC=gcc
ac_cv_prog_ac_ct_DSYMUTIL=dsymutil
ac_cv_prog_ac_ct_LIPO=lipo
ac_cv_prog_ac_ct_NMEDIT=nmedit
ac_cv_prog_ac_ct_OTOOL=otool
ac_cv_prog_ac_ct_RANLIB=ranlib
ac_cv_prog_ac_ct_STRIP=strip
ac_cv_prog_cc_c89=
ac_cv_prog_cc_g=yes
ac_cv_prog_make_make_set=yes
ac_cv_sizeof_long_long=8
ac_cv_type_long_long=yes
am_cv_CC_dependencies_compiler_type=gcc3
lt_cv_apple_cc_single_mod=yes
lt_cv_deplibs_check_method=pass_all
lt_cv_file_magic_cmd='$MAGIC_CMD'
lt_cv_file_magic_test_file=
lt_cv_ld_exported_symbols_list=yes
lt_cv_ld_reload_flag=-r
lt_cv_nm_interface='BSD nm'
lt_cv_objdir=.libs
lt_cv_path_LD=/Applications/Xcode.app/Contents/Developer/Toolchains/XcodeDefault.xctoolchain/usr/bin/ld
lt_cv_path_NM=/usr/bin/nm
lt_cv_prog_compiler_c_o=yes
lt_cv_prog_compiler_pic_works=yes
lt_cv_prog_compiler_rtti_exceptions=yes
lt_cv_prog_compiler_static_works=no
lt_cv_prog_gnu_ld=no
lt_cv_sys_global_symbol_pipe='sed -n -e '\''s/^.*[	 ]\([BCDEGRST][BCDEGRST]*\)[	 ][	 ]*_\([_A-Za-z][_A-Za-z0-9]*\)$/\1 _\2 \2/p'\'''
lt_cv_sys_global_symbol_to_c_name_address='sed -n -e '\''s/^: \([^ ]*\) $/  {\"\1\", (void *) 0},/p'\'' -e '\''s/^[BCDEGRST]* \([^ ]*\) \([^ ]*\)$/  {"\2", (void *) \&\2},/p'\'''
lt_cv_sys_global_symbol_to_c_name_address_lib_prefix='sed -n -e '\''s/^: \([^ ]*\) $/  {\"\1\", (void *) 0},/p'\'' -e '\''s/^[BCDEGRST]* \([^ ]*\) \(lib[^ ]*\)$/  {"\2", (void *) \&\2},/p'\'' -e '\''s/^[BCDEGRST]* \([^ ]*\) \([^ ]*\)$/  {"lib\2", (void *) \&\2},/p'\'''
lt_cv_sys_global_symbol_to_cdecl='sed -n -e '\''s/^T .* \(.*\)$/extern int \1();/p'\'' -e '\''s/^[BCDEGRST]* .* \(.*\)$/extern char \1;/p'\'''
lt_cv_sys_max_cmd_len=196608

## ----------------- ##
## Output variables. ##
## ----------------- ##

ACLOCAL='${SHELL} /Users/zezenan/Downloads/pocketsphinx-0.8/missing --run aclocal-1.11'
AMDEPBACKSLASH='\'
AMDEP_FALSE='#'
AMDEP_TRUE=''
AMTAR='${SHELL} /Users/zezenan/Downloads/pocketsphinx-0.8/missing --run tar'
AR='ar'
AUTOCONF='${SHELL} /Users/zezenan/Downloads/pocketsphinx-0.8/missing --run autoconf'
AUTOHEADER='${SHELL} /Users/zezenan/Downloads/pocketsphinx-0.8/missing --run autoheader'
AUTOMAKE='${SHELL} /Users/zezenan/Downloads/pocketsphinx-0.8/missing --run automake-1.11'
AWK='awk'
BUILD_CYTHON_FALSE=''
BUILD_CYTHON_TRUE='#'
BUILD_DOXYGEN_FALSE=''
BUILD_DOXYGEN_TRUE='#'
BUILD_GST_FALSE=''
BUILD_GST_TRUE='#'
BUILD_PYTHON_FALSE='#'
BUILD_PYTHON_TRUE=''
CC='gcc'
CCDEPMODE='depmode=gcc3'
CFLAGS='-g -O2 -Wall'
CPP='gcc -E'
CPPFLAGS='-I/Users/zezenan/Downloads/pocketsphinx-0.8/../sphinxbase-0.8/include -I/Users/zezenan/Downloads/pocketsphinx-0.8/../sphinxbase-0.8/include  -I/System/Library/Frameworks/Python.framework/Versions/2.7/include/python2.7 -I/System/Library/Frameworks/Python.framework/Versions/2.7/include/python2.7'
CYGPATH_W='echo'
DEFS='-DPACKAGE_NAME=\"pocketsphinx\" -DPACKAGE_TARNAME=\"pocketsphinx\" -DPACKAGE_VERSION=\"0.8\" -DPACKAGE_STRING=\"pocketsphinx\ 0.8\" -DPACKAGE_BUGREPORT=\"\" -DPACKAGE_URL=\"\" -DSTDC_HEADERS=1 -DHAVE_SYS_TYPES_H=1 -DHAVE_SYS_STAT_H=1 -DHAVE_STDLIB_H=1 -DHAVE_STRING_H=1 -DHAVE_MEMORY_H=1 -DHAVE_STRINGS_H=1 -DHAVE_INTTYPES_H=1 -DHAVE_STDINT_H=1 -DHAVE_UNISTD_H=1 -DHAVE_DLFCN_H=1 -DLT_OBJDIR=\".libs/\" -DHAVE_LONG_LONG=1 -DSIZEOF_LONG_LONG=8 -DHAVE_DUP2=1'
DEPDIR='.deps'
DSYMUTIL='dsymutil'
DUMPBIN=''
ECHO_C='\c'
ECHO_N=''
ECHO_T=''
EGREP='/usr/bin/grep -E'
EXEEXT=''
FGREP='/usr/bin/grep -F'
GREP='/usr/bin/grep'
GST_CFLAGS=' '
GST_LIBS=''
GST_MAJORMINOR='0.10'
GST_PLUGIN_LDFLAGS='-module -avoid-version -export-symbols-regex _*\(gst_\|Gst\|GST_\).*'
GStreamer_CFLAGS=''
GStreamer_LIBS=''
HAVE_CYTHON='no'
HAVE_DOXYGEN='no'
HAVE_PKGCONFIG='yes'
INSTALL_DATA='${INSTALL} -m 644'
INSTALL_PROGRAM='${INSTALL}'
INSTALL_SCRIPT='${INSTALL}'
INSTALL_STRIP_PROGRAM='$(install_sh) -c -s'
LD='/Applications/Xcode.app/Contents/Developer/Toolchains/XcodeDefault.xctoolchain/usr/bin/ld'
LDFLAGS=' -L/Users/zezenan/Downloads/pocketsphinx-0.8/../sphinxbase-0.8/src/libsphinxad 		  -L/Users/zezenan/Downloads/pocketsphinx-0.8/../sphinxbase-0.8/src/libsphinxbase 		  -L/Users/zezenan/Downloads/pocketsphinx-0.8/../sphinxbase-0.8/src/libsphinxbase/.libs'
LIBOBJS=''
LIBS=' -framework CoreAudio -framework AudioToolbox -lsphinxbase'
LIBTOOL='$(SHELL) $(top_builddir)/libtool'
LIPO='lipo'
LN_S='ln -s'
LTLIBOBJS=''
MAKEINFO='${SHELL} /Users/zezenan/Downloads/pocketsphinx-0.8/missing --run makeinfo'
MKDIR_P='./install-sh -c -d'
NM='/usr/bin/nm'
NMEDIT='nmedit'
OBJDUMP='false'
OBJEXT='o'
OTOOL64=':'
OTOOL='otool'
PACKAGE='pocketsphinx'
PACKAGE_BUGREPORT=''
PACKAGE_NAME='pocketsphinx'
PACKAGE_STRING='pocketsphinx 0.8'
PACKAGE_TARNAME='pocketsphinx'
PACKAGE_URL=''
PACKAGE_VERSION='0.8'
PATH_SEPARATOR=':'
PKG_CONFIG='/usr/local/bin/pkg-config'
PYTHON='/usr/bin/python'
PYTHON_CONFIG='/usr/bin/python-config'
RANLIB='ranlib'
SED='/usr/bin/sed'
SET_MAKE=''
SHELL='/bin/sh'
STRIP='strip'
SphinxBase_CFLAGS=''
SphinxBase_LIBS=''
VERSION='0.8'
ac_ct_CC='gcc'
ac_ct_DUMPBIN=''
am__EXEEXT_FALSE=''
am__EXEEXT_TRUE='#'
am__fastdepCC_FALSE='#'
am__fastdepCC_TRUE=''
am__include='include'
am__isrc=''
am__leading_dot='.'
am__quote=''
am__tar='${AMTAR} chof - "$$tardir"'
am__untar='${AMTAR} xf -'
bindir='${exec_prefix}/bin'
build='x86_64-apple-darwin14.5.0'
build_alias=''
build_cpu='x86_64'
build_os='darwin14.5.0'
build_vendor='apple'
datadir='${datarootdir}'
datarootdir='${prefix}/share'
docdir='${datarootdir}/doc/${PACKAGE_TARNAME}'
dvidir='${docdir}'
exec_prefix='${prefix}'
host='x86_64-apple-darwin14.5.0'
host_alias=''
host_cpu='x86_64'
host_os='darwin14.5.0'
host_vendor='apple'
htmldir='${docdir}'
includedir='${prefix}/include'
infodir='${datarootdir}/info'
install_sh='${SHELL} /Users/zezenan/Downloads/pocketsphinx-0.8/install-sh'
libdir='${exec_prefix}/lib'
libexecdir='${exec_prefix}/libexec'
localedir='${datarootdir}/locale'
localstatedir='${prefix}/var'
lt_ECHO='/bin/echo'
mandir='${datarootdir}/man'
mkdir_p='$(top_builddir)/./install-sh -c -d'
oldincludedir='/usr/include'
pdfdir='${docdir}'
plugindir='$(libdir)/gstreamer-0.10'
prefix='/usr/local'
program_transform_name='s,x,x,'
psdir='${docdir}'
sbindir='${exec_prefix}/sbin'
sharedstatedir='${prefix}/com'
sphinxbase='/Users/zezenan/Downloads/pocketsphinx-0.8/../sphinxbase-0.8'
sphinxbasebuild='/Users/zezenan/Downloads/pocketsphinx-0.8/../sphinxbase-0.8'
sysconfdir='${prefix}/etc'
target_alias=''

## ----------- ##
## confdefs.h. ##
## ----------- ##

/* confdefs.h */
#define PACKAGE_NAME "pocketsphinx"
#define PACKAGE_TARNAME "pocketsphinx"
#define PACKAGE_VERSION "0.8"
#define PACKAGE_STRING "pocketsphinx 0.8"
#define PACKAGE_BUGREPORT ""
#define PACKAGE_URL ""
#define STDC_HEADERS 1
#define HAVE_SYS_TYPES_H 1
#define HAVE_SYS_STAT_H 1
#define HAVE_STDLIB_H 1
#define HAVE_STRING_H 1
#define HAVE_MEMORY_H 1
#define HAVE_STRINGS_H 1
#define HAVE_INTTYPES_H 1
#define HAVE_STDINT_H 1
#define HAVE_UNISTD_H 1
#define HAVE_DLFCN_H 1
#define LT_OBJDIR ".libs/"
#define HAVE_LONG_LONG 1
#define SIZEOF_LONG_LONG 8
#define HAVE_DUP2 1

configure: exit 0

## ---------------------- ##
## Running config.status. ##
## ---------------------- ##

This file was extended by pocketsphinx config.status 0.8, which was
generated by GNU Autoconf 2.65.  Invocation command line was

  CONFIG_FILES    = 
  CONFIG_HEADERS  = 
  CONFIG_LINKS    = 
  CONFIG_COMMANDS = 
  $ ./config.status pocketsphinx.pc

on XuZenandeMacBook-Pro.local

config.status:1026: creating pocketsphinx.pc
