This file contains any messages produced by compilers while
running configure, to aid debugging if configure makes a mistake.

It was created by sphinxbase configure 0.8, which was
generated by GNU Autoconf 2.65.  Invocation command line was

  $ ./configure 

## --------- ##
## Platform. ##
## --------- ##

hostname = MacBook-Pro-de-Zhaolun.local
uname -m = x86_64
uname -r = 15.0.0
uname -s = Darwin
uname -v = Darwin Kernel Version 15.0.0: Wed Aug 26 16:57:32 PDT 2015; root:xnu-3247.1.106~1/RELEASE_X86_64

/usr/bin/uname -p = i386
/bin/uname -X     = unknown

/bin/arch              = unknown
/usr/bin/arch -k       = unknown
/usr/convex/getsysinfo = unknown
/usr/bin/hostinfo      = Mach kernel version:
	 Darwin Kernel Version 15.0.0: Wed Aug 26 16:57:32 PDT 2015; root:xnu-3247.1.106~1/RELEASE_X86_64
Kernel configured for up to 4 processors.
2 processors are physically available.
4 processors are logically available.
Processor type: x86_64h (Intel x86-64h Haswell)
Processors active: 0 1 2 3
Primary memory available: 8.00 gigabytes
Default processor set: 275 tasks, 1138 threads, 4 processors
Load average: 1.44, Mach factor: 2.55
/bin/machine           = unknown
/usr/bin/oslevel       = unknown
/bin/universe          = unknown

PATH: /Users/zhaolun/.composer/vendor/bin
PATH: /usr/local/bin
PATH: /usr/bin
PATH: /bin
PATH: /usr/sbin
PATH: /sbin


## ----------- ##
## Core tests. ##
## ----------- ##

configure:2632: checking for a BSD-compatible install
configure:2700: result: /usr/bin/install -c
configure:2711: checking whether build environment is sane
configure:2761: result: yes
configure:2902: checking for a thread-safe mkdir -p
configure:2941: result: ./install-sh -c -d
configure:2954: checking for gawk
configure:2984: result: no
configure:2954: checking for mawk
configure:2984: result: no
configure:2954: checking for nawk
configure:2984: result: no
configure:2954: checking for awk
configure:2970: found /usr/bin/awk
configure:2981: result: awk
configure:2992: checking whether make sets $(MAKE)
configure:3014: result: yes
configure:3093: checking build system type
configure:3107: result: x86_64-apple-darwin15.0.0
configure:3127: checking host system type
configure:3140: result: x86_64-apple-darwin15.0.0
configure:3187: checking for style of include used by make
configure:3215: result: GNU
configure:3285: checking for gcc
configure:3301: found /usr/bin/gcc
configure:3312: result: gcc
configure:3541: checking for C compiler version
configure:3550: gcc --version >&5
Apple LLVM version 7.0.0 (clang-700.1.76)
Target: x86_64-apple-darwin15.0.0
Thread model: posix
Configured with: --prefix=/Library/Developer/CommandLineTools/usr --with-gxx-include-dir=/usr/include/c++/4.2.1
configure:3561: $? = 0
configure:3550: gcc -v >&5
Configured with: --prefix=/Library/Developer/CommandLineTools/usr --with-gxx-include-dir=/usr/include/c++/4.2.1
Apple LLVM version 7.0.0 (clang-700.1.76)
Target: x86_64-apple-darwin15.0.0
Thread model: posix
configure:3561: $? = 0
configure:3550: gcc -V >&5
clang: error: argument to '-V' is missing (expected 1 value)
clang: error: no input files
configure:3561: $? = 1
configure:3550: gcc -qversion >&5
clang: error: unknown argument: '-qversion'
clang: error: no input files
configure:3561: $? = 1
configure:3581: checking whether the C compiler works
configure:3603: gcc -g -O2 -Wall   conftest.c  >&5
configure:3607: $? = 0
configure:3656: result: yes
configure:3659: checking for C compiler default output file name
configure:3661: result: a.out
configure:3667: checking for suffix of executables
configure:3674: gcc -o conftest -g -O2 -Wall   conftest.c  >&5
configure:3678: $? = 0
configure:3700: result: 
configure:3722: checking whether we are cross compiling
configure:3730: gcc -o conftest -g -O2 -Wall   conftest.c  >&5
configure:3734: $? = 0
configure:3741: ./conftest
configure:3745: $? = 0
configure:3760: result: no
configure:3765: checking for suffix of object files
configure:3787: gcc -c -g -O2 -Wall  conftest.c >&5
configure:3791: $? = 0
configure:3812: result: o
configure:3816: checking whether we are using the GNU C compiler
configure:3835: gcc -c -g -O2 -Wall  conftest.c >&5
configure:3835: $? = 0
configure:3844: result: yes
configure:3853: checking whether gcc accepts -g
configure:3873: gcc -c -g  conftest.c >&5
configure:3873: $? = 0
configure:3914: result: yes
configure:3931: checking for gcc option to accept ISO C89
configure:3995: gcc  -c -g -O2 -Wall  conftest.c >&5
configure:3995: $? = 0
configure:4008: result: none needed
configure:4030: checking dependency style of gcc
configure:4140: result: gcc3
configure:4156: checking for library containing strerror
configure:4187: gcc -o conftest -g -O2 -Wall   conftest.c  >&5
conftest.c:16:6: warning: incompatible redeclaration of library function 'strerror' [-Wincompatible-library-redeclaration]
char strerror ();
     ^
conftest.c:16:6: note: 'strerror' is a builtin with type 'char *(int)'
1 warning generated.
configure:4187: $? = 0
configure:4204: result: none required
configure:4260: checking for gcc
configure:4287: result: gcc
configure:4516: checking for C compiler version
configure:4525: gcc --version >&5
Apple LLVM version 7.0.0 (clang-700.1.76)
Target: x86_64-apple-darwin15.0.0
Thread model: posix
Configured with: --prefix=/Library/Developer/CommandLineTools/usr --with-gxx-include-dir=/usr/include/c++/4.2.1
configure:4536: $? = 0
configure:4525: gcc -v >&5
Configured with: --prefix=/Library/Developer/CommandLineTools/usr --with-gxx-include-dir=/usr/include/c++/4.2.1
Apple LLVM version 7.0.0 (clang-700.1.76)
Target: x86_64-apple-darwin15.0.0
Thread model: posix
configure:4536: $? = 0
configure:4525: gcc -V >&5
clang: error: argument to '-V' is missing (expected 1 value)
clang: error: no input files
configure:4536: $? = 1
configure:4525: gcc -qversion >&5
clang: error: unknown argument: '-qversion'
clang: error: no input files
configure:4536: $? = 1
configure:4540: checking whether we are using the GNU C compiler
configure:4568: result: yes
configure:4577: checking whether gcc accepts -g
configure:4638: result: yes
configure:4655: checking for gcc option to accept ISO C89
configure:4732: result: none needed
configure:4754: checking dependency style of gcc
configure:4864: result: gcc3
configure:4883: checking for gcc option to accept ISO C99
configure:5032: gcc  -c -g -O2 -Wall  conftest.c >&5
configure:5032: $? = 0
configure:5045: result: none needed
configure:5154: checking for gcc option to accept ISO Standard C
configure:5165: result: none needed
configure:5177: checking for bison
configure:5193: found /usr/bin/bison
configure:5205: result: bison -y
configure:5224: checking how to run the C preprocessor
configure:5255: gcc -E  conftest.c
configure:5255: $? = 0
configure:5269: gcc -E  conftest.c
conftest.c:9:10: fatal error: 'ac_nonexistent.h' file not found
#include <ac_nonexistent.h>
         ^
1 error generated.
configure:5269: $? = 1
configure: failed program was:
| /* confdefs.h */
| #define PACKAGE_NAME "sphinxbase"
| #define PACKAGE_TARNAME "sphinxbase"
| #define PACKAGE_VERSION "0.8"
| #define PACKAGE_STRING "sphinxbase 0.8"
| #define PACKAGE_BUGREPORT ""
| #define PACKAGE_URL ""
| /* end confdefs.h.  */
| #include <ac_nonexistent.h>
configure:5294: result: gcc -E
configure:5314: gcc -E  conftest.c
configure:5314: $? = 0
configure:5328: gcc -E  conftest.c
conftest.c:9:10: fatal error: 'ac_nonexistent.h' file not found
#include <ac_nonexistent.h>
         ^
1 error generated.
configure:5328: $? = 1
configure: failed program was:
| /* confdefs.h */
| #define PACKAGE_NAME "sphinxbase"
| #define PACKAGE_TARNAME "sphinxbase"
| #define PACKAGE_VERSION "0.8"
| #define PACKAGE_STRING "sphinxbase 0.8"
| #define PACKAGE_BUGREPORT ""
| #define PACKAGE_URL ""
| /* end confdefs.h.  */
| #include <ac_nonexistent.h>
configure:5357: checking for grep that handles long lines and -e
configure:5415: result: /usr/bin/grep
configure:5420: checking for egrep
configure:5482: result: /usr/bin/grep -E
configure:5487: checking for ANSI C header files
configure:5507: gcc -c -g -O2 -Wall  conftest.c >&5
configure:5507: $? = 0
configure:5580: gcc -o conftest -g -O2 -Wall   conftest.c  >&5
configure:5580: $? = 0
configure:5580: ./conftest
configure:5580: $? = 0
configure:5591: result: yes
configure:5604: checking for sys/types.h
configure:5604: gcc -c -g -O2 -Wall  conftest.c >&5
configure:5604: $? = 0
configure:5604: result: yes
configure:5604: checking for sys/stat.h
configure:5604: gcc -c -g -O2 -Wall  conftest.c >&5
configure:5604: $? = 0
configure:5604: result: yes
configure:5604: checking for stdlib.h
configure:5604: gcc -c -g -O2 -Wall  conftest.c >&5
configure:5604: $? = 0
configure:5604: result: yes
configure:5604: checking for string.h
configure:5604: gcc -c -g -O2 -Wall  conftest.c >&5
configure:5604: $? = 0
configure:5604: result: yes
configure:5604: checking for memory.h
configure:5604: gcc -c -g -O2 -Wall  conftest.c >&5
configure:5604: $? = 0
configure:5604: result: yes
configure:5604: checking for strings.h
configure:5604: gcc -c -g -O2 -Wall  conftest.c >&5
configure:5604: $? = 0
configure:5604: result: yes
configure:5604: checking for inttypes.h
configure:5604: gcc -c -g -O2 -Wall  conftest.c >&5
configure:5604: $? = 0
configure:5604: result: yes
configure:5604: checking for stdint.h
configure:5604: gcc -c -g -O2 -Wall  conftest.c >&5
configure:5604: $? = 0
configure:5604: result: yes
configure:5604: checking for unistd.h
configure:5604: gcc -c -g -O2 -Wall  conftest.c >&5
configure:5604: $? = 0
configure:5604: result: yes
configure:5617: checking whether byte ordering is bigendian
configure:5632: gcc -c -g -O2 -Wall  conftest.c >&5
configure:5632: $? = 0
configure:5677: gcc -c -g -O2 -Wall  conftest.c >&5
configure:5677: $? = 0
configure:5695: gcc -c -g -O2 -Wall  conftest.c >&5
conftest.c:26:4: error: use of undeclared identifier 'not'
                 not big endian
                 ^
1 error generated.
configure:5695: $? = 1
configure: failed program was:
| /* confdefs.h */
| #define PACKAGE_NAME "sphinxbase"
| #define PACKAGE_TARNAME "sphinxbase"
| #define PACKAGE_VERSION "0.8"
| #define PACKAGE_STRING "sphinxbase 0.8"
| #define PACKAGE_BUGREPORT ""
| #define PACKAGE_URL ""
| #define STDC_HEADERS 1
| #define HAVE_SYS_TYPES_H 1
| #define HAVE_SYS_STAT_H 1
| #define HAVE_STDLIB_H 1
| #define HAVE_STRING_H 1
| #define HAVE_MEMORY_H 1
| #define HAVE_STRINGS_H 1
| #define HAVE_INTTYPES_H 1
| #define HAVE_STDINT_H 1
| #define HAVE_UNISTD_H 1
| /* end confdefs.h.  */
| #include <sys/types.h>
| 		#include <sys/param.h>
| 
| int
| main ()
| {
| #if BYTE_ORDER != BIG_ENDIAN
| 		 not big endian
| 		#endif
| 
|   ;
|   return 0;
| }
configure:5823: result: no
configure:5841: checking return type of signal handlers
configure:5859: gcc -c -g -O2 -Wall  conftest.c >&5
conftest.c:25:8: error: indirection requires pointer operand ('void' invalid)
return *(signal (0, 0)) (0) == 1;
       ^~~~~~~~~~~~~~~~~~~~
1 error generated.
configure:5859: $? = 1
configure: failed program was:
| /* confdefs.h */
| #define PACKAGE_NAME "sphinxbase"
| #define PACKAGE_TARNAME "sphinxbase"
| #define PACKAGE_VERSION "0.8"
| #define PACKAGE_STRING "sphinxbase 0.8"
| #define PACKAGE_BUGREPORT ""
| #define PACKAGE_URL ""
| #define STDC_HEADERS 1
| #define HAVE_SYS_TYPES_H 1
| #define HAVE_SYS_STAT_H 1
| #define HAVE_STDLIB_H 1
| #define HAVE_STRING_H 1
| #define HAVE_MEMORY_H 1
| #define HAVE_STRINGS_H 1
| #define HAVE_INTTYPES_H 1
| #define HAVE_STDINT_H 1
| #define HAVE_UNISTD_H 1
| /* end confdefs.h.  */
| #include <sys/types.h>
| #include <signal.h>
| 
| int
| main ()
| {
| return *(signal (0, 0)) (0) == 1;
|   ;
|   return 0;
| }
configure:5866: result: void
configure:5874: checking for long long
configure:5874: gcc -c -g -O2 -Wall  conftest.c >&5
configure:5874: $? = 0
configure:5874: gcc -c -g -O2 -Wall  conftest.c >&5
conftest.c:56:24: error: expected expression
if (sizeof ((long long)))
                       ^
1 error generated.
configure:5874: $? = 1
configure: failed program was:
| /* confdefs.h */
| #define PACKAGE_NAME "sphinxbase"
| #define PACKAGE_TARNAME "sphinxbase"
| #define PACKAGE_VERSION "0.8"
| #define PACKAGE_STRING "sphinxbase 0.8"
| #define PACKAGE_BUGREPORT ""
| #define PACKAGE_URL ""
| #define STDC_HEADERS 1
| #define HAVE_SYS_TYPES_H 1
| #define HAVE_SYS_STAT_H 1
| #define HAVE_STDLIB_H 1
| #define HAVE_STRING_H 1
| #define HAVE_MEMORY_H 1
| #define HAVE_STRINGS_H 1
| #define HAVE_INTTYPES_H 1
| #define HAVE_STDINT_H 1
| #define HAVE_UNISTD_H 1
| #define RETSIGTYPE void
| /* end confdefs.h.  */
| #include <stdio.h>
| #ifdef HAVE_SYS_TYPES_H
| # include <sys/types.h>
| #endif
| #ifdef HAVE_SYS_STAT_H
| # include <sys/stat.h>
| #endif
| #ifdef STDC_HEADERS
| # include <stdlib.h>
| # include <stddef.h>
| #else
| # ifdef HAVE_STDLIB_H
| #  include <stdlib.h>
| # endif
| #endif
| #ifdef HAVE_STRING_H
| # if !defined STDC_HEADERS && defined HAVE_MEMORY_H
| #  include <memory.h>
| # endif
| # include <string.h>
| #endif
| #ifdef HAVE_STRINGS_H
| # include <strings.h>
| #endif
| #ifdef HAVE_INTTYPES_H
| # include <inttypes.h>
| #endif
| #ifdef HAVE_STDINT_H
| # include <stdint.h>
| #endif
| #ifdef HAVE_UNISTD_H
| # include <unistd.h>
| #endif
| int
| main ()
| {
| if (sizeof ((long long)))
| 	    return 0;
|   ;
|   return 0;
| }
configure:5874: result: yes
configure:5888: checking size of long long
configure:5893: gcc -o conftest -g -O2 -Wall   conftest.c  >&5
configure:5893: $? = 0
configure:5893: ./conftest
configure:5893: $? = 0
configure:5908: result: 8
configure:5922: checking size of long
configure:5927: gcc -o conftest -g -O2 -Wall   conftest.c  >&5
configure:5927: $? = 0
configure:5927: ./conftest
configure:5927: $? = 0
configure:5942: result: 8
configure:5955: checking for popen
configure:5955: gcc -o conftest -g -O2 -Wall   conftest.c  >&5
configure:5955: $? = 0
configure:5955: result: yes
configure:5955: checking for perror
configure:5955: gcc -o conftest -g -O2 -Wall   conftest.c  >&5
configure:5955: $? = 0
configure:5955: result: yes
configure:5955: checking for snprintf
configure:5955: gcc -o conftest -g -O2 -Wall   conftest.c  >&5
conftest.c:48:6: warning: incompatible redeclaration of library function 'snprintf' [-Wincompatible-library-redeclaration]
char snprintf ();
     ^
conftest.c:48:6: note: 'snprintf' is a builtin with type 'int (char *, unsigned long, const char *, ...)'
1 warning generated.
configure:5955: $? = 0
configure:5955: result: yes
configure:5965: checking errno.h usability
configure:5965: gcc -c -g -O2 -Wall  conftest.c >&5
configure:5965: $? = 0
configure:5965: result: yes
configure:5965: checking errno.h presence
configure:5965: gcc -E  conftest.c
configure:5965: $? = 0
configure:5965: result: yes
configure:5965: checking for errno.h
configure:5965: result: yes
configure:6011: checking for ld used by GCC
configure:6075: result: /Library/Developer/CommandLineTools/usr/bin/ld
configure:6082: checking if the linker (/Library/Developer/CommandLineTools/usr/bin/ld) is GNU ld
configure:6095: result: no
configure:6102: checking for shared library run path origin
configure:6115: result: done
configure:6579: checking for iconv
configure:6601: gcc -o conftest -g -O2 -Wall   conftest.c  >&5
Undefined symbols for architecture x86_64:
  "_iconv", referenced from:
      _main in conftest-6d6db7.o
  "_iconv_close", referenced from:
      _main in conftest-6d6db7.o
  "_iconv_open", referenced from:
      _main in conftest-6d6db7.o
ld: symbol(s) not found for architecture x86_64
clang: error: linker command failed with exit code 1 (use -v to see invocation)
configure:6601: $? = 1
configure: failed program was:
| /* confdefs.h */
| #define PACKAGE_NAME "sphinxbase"
| #define PACKAGE_TARNAME "sphinxbase"
| #define PACKAGE_VERSION "0.8"
| #define PACKAGE_STRING "sphinxbase 0.8"
| #define PACKAGE_BUGREPORT ""
| #define PACKAGE_URL ""
| #define STDC_HEADERS 1
| #define HAVE_SYS_TYPES_H 1
| #define HAVE_SYS_STAT_H 1
| #define HAVE_STDLIB_H 1
| #define HAVE_STRING_H 1
| #define HAVE_MEMORY_H 1
| #define HAVE_STRINGS_H 1
| #define HAVE_INTTYPES_H 1
| #define HAVE_STDINT_H 1
| #define HAVE_UNISTD_H 1
| #define RETSIGTYPE void
| #define HAVE_LONG_LONG 1
| #define SIZEOF_LONG_LONG 8
| #define SIZEOF_LONG 8
| #define HAVE_POPEN 1
| #define HAVE_PERROR 1
| #define HAVE_SNPRINTF 1
| /* end confdefs.h.  */
| #include <stdlib.h>
| #include <iconv.h>
| int
| main ()
| {
| iconv_t cd = iconv_open("","");
|        iconv(cd,NULL,NULL,NULL,NULL);
|        iconv_close(cd);
|   ;
|   return 0;
| }
configure:6623: gcc -o conftest -g -O2 -Wall   conftest.c  -liconv >&5
configure:6623: $? = 0
configure:6633: result: yes
configure:6641: checking how to link with libiconv
configure:6643: result: -liconv
configure:6654: checking for iconv declaration
configure:6683: gcc -c -g -O2 -Wall  conftest.c >&5
configure:6683: $? = 0
configure:6694: result: install-shextern size_t iconv (iconv_t cd, char * *inbuf, size_t *inbytesleft, char * *outbuf, size_t *outbytesleft);
configure:6718: checking for sgesv_ in -llapack
configure:6743: gcc -o conftest -g -O2 -Wall   conftest.c -llapack   >&5
configure:6743: $? = 0
configure:6752: result: yes
configure:6766: checking for sgemm_ in -lblas
configure:6791: gcc -o conftest -g -O2 -Wall   conftest.c -lblas  -llapack  >&5
configure:6791: $? = 0
configure:6800: result: yes
configure:6835: checking for log in -lm
configure:6860: gcc -o conftest -g -O2 -Wall   conftest.c -lm  -lblas -llapack  >&5
conftest.c:38:6: warning: incompatible redeclaration of library function 'log' [-Wincompatible-library-redeclaration]
char log ();
     ^
conftest.c:38:6: note: 'log' is a builtin with type 'double (double)'
1 warning generated.
configure:6860: $? = 0
configure:6869: result: yes
configure:6900: checking pthread.h usability
configure:6900: gcc -c -g -O2 -Wall  conftest.c >&5
configure:6900: $? = 0
configure:6900: result: yes
configure:6900: checking pthread.h presence
configure:6900: gcc -E  conftest.c
configure:6900: $? = 0
configure:6900: result: yes
configure:6900: checking for pthread.h
configure:6900: result: yes
configure:6910: checking for pthread_create in -lpthread
configure:6935: gcc -o conftest -g -O2 -Wall   conftest.c -lpthread  -lm -lblas -llapack  >&5
configure:6935: $? = 0
configure:6944: result: yes
configure:7271: result: No audio interface for host type x86_64-apple-darwin15.0.0.
configure:7308: checking for a sed that does not truncate output
configure:7372: result: /usr/bin/sed
configure:7390: checking for fgrep
configure:7452: result: /usr/bin/grep -F
configure:7487: checking for ld used by gcc
configure:7554: result: /Library/Developer/CommandLineTools/usr/bin/ld
configure:7561: checking if the linker (/Library/Developer/CommandLineTools/usr/bin/ld) is GNU ld
configure:7576: result: no
configure:7588: checking for BSD- or MS-compatible name lister (nm)
configure:7637: result: /usr/bin/nm
configure:7755: checking the name lister (/usr/bin/nm) interface
configure:7762: gcc -c -g -O2 -Wall  conftest.c >&5
configure:7765: /usr/bin/nm "conftest.o"
configure:7768: output
000000000000020c S _some_variable
configure:7775: result: BSD nm
configure:7778: checking whether ln -s works
configure:7782: result: yes
configure:7790: checking the maximum length of command line arguments
configure:7910: result: 196608
configure:7927: checking whether the shell understands some XSI constructs
configure:7937: result: yes
configure:7941: checking whether the shell understands "+="
configure:7947: result: yes
configure:7982: checking for /Library/Developer/CommandLineTools/usr/bin/ld option to reload object files
configure:7989: result: -r
configure:8058: checking for objdump
configure:8088: result: no
configure:8117: checking how to recognize dependent libraries
configure:8313: result: pass_all
configure:8373: checking for ar
configure:8389: found /usr/bin/ar
configure:8400: result: ar
configure:8478: checking for strip
configure:8494: found /usr/bin/strip
configure:8505: result: strip
configure:8577: checking for ranlib
configure:8593: found /usr/bin/ranlib
configure:8604: result: ranlib
configure:8694: checking command to parse /usr/bin/nm output from gcc object
configure:8812: gcc -c -g -O2 -Wall  conftest.c >&5
configure:8815: $? = 0
configure:8819: /usr/bin/nm conftest.o \| sed -n -e 's/^.*[	 ]\([BCDEGRST][BCDEGRST]*\)[	 ][	 ]*\([_A-Za-z][_A-Za-z0-9]*\)$/\1 \2 \2/p' \> conftest.nm
configure:8822: $? = 0
cannot find nm_test_var in conftest.nm
configure:8812: gcc -c -g -O2 -Wall  conftest.c >&5
configure:8815: $? = 0
configure:8819: /usr/bin/nm conftest.o \| sed -n -e 's/^.*[	 ]\([BCDEGRST][BCDEGRST]*\)[	 ][	 ]*_\([_A-Za-z][_A-Za-z0-9]*\)$/\1 _\2 \2/p' \> conftest.nm
configure:8822: $? = 0
configure:8876: gcc -o conftest -g -O2 -Wall   conftest.c conftstm.o >&5
warning: (x86_64)  could not find object file symbol for symbol _main
configure:8879: $? = 0
configure:8917: result: ok
configure:9181: checking for dsymutil
configure:9197: found /usr/bin/dsymutil
configure:9208: result: dsymutil
configure:9273: checking for nmedit
configure:9289: found /usr/bin/nmedit
configure:9300: result: nmedit
configure:9365: checking for lipo
configure:9381: found /usr/bin/lipo
configure:9392: result: lipo
configure:9457: checking for otool
configure:9473: found /usr/bin/otool
configure:9484: result: otool
configure:9549: checking for otool64
configure:9579: result: no
configure:9624: checking for -single_module linker flag
gcc -g -O2 -Wall  -o libconftest.dylib -dynamiclib -Wl,-single_module conftest.c
configure:9651: result: yes
configure:9653: checking for -exported_symbols_list linker flag
configure:9673: gcc -o conftest -g -O2 -Wall   -Wl,-exported_symbols_list,conftest.sym conftest.c -lpthread -lm -lblas -llapack  >&5
configure:9673: $? = 0
configure:9683: result: yes
configure:9722: checking for dlfcn.h
configure:9722: gcc -c -g -O2 -Wall  conftest.c >&5
configure:9722: $? = 0
configure:9722: result: yes
configure:9906: checking for objdir
configure:9921: result: .libs
configure:10217: checking if gcc supports -fno-rtti -fno-exceptions
configure:10235: gcc -c -g -O2 -Wall  -fno-rtti -fno-exceptions conftest.c >&5
configure:10239: $? = 0
configure:10252: result: yes
configure:10272: checking for gcc option to produce PIC
configure:10544: result: -fno-common -DPIC
configure:10556: checking if gcc PIC flag -fno-common -DPIC works
configure:10574: gcc -c -g -O2 -Wall  -fno-common -DPIC -DPIC conftest.c >&5
configure:10578: $? = 0
configure:10591: result: yes
configure:10615: checking if gcc static flag -static works
configure:10643: result: no
configure:10658: checking if gcc supports -c -o file.o
configure:10679: gcc -c -g -O2 -Wall  -o out/conftest2.o conftest.c >&5
configure:10683: $? = 0
configure:10705: result: yes
configure:10713: checking if gcc supports -c -o file.o
configure:10760: result: yes
configure:10793: checking whether the gcc linker (/Library/Developer/CommandLineTools/usr/bin/ld) supports shared libraries
configure:11779: result: yes
configure:12018: checking dynamic linker characteristics
configure:12672: result: darwin15.0.0 dyld
configure:12774: checking how to hardcode library paths into programs
configure:12799: result: immediate
configure:13319: checking whether stripping libraries is possible
configure:13333: result: yes
configure:13359: checking if libtool supports shared libraries
configure:13361: result: yes
configure:13364: checking whether to build shared libraries
configure:13385: result: yes
configure:13388: checking whether to build static libraries
configure:13392: result: yes
configure:13430: checking for doxygen
configure:13458: result: no
configure:13500: checking for python
configure:13518: found /usr/bin/python
configure:13531: result: /usr/bin/python
configure:13541: checking for python-config
configure:13559: found /usr/bin/python-config
configure:13572: result: /usr/bin/python-config
configure:13584: checking Python.h usability
configure:13584: gcc -c -g -O2 -Wall  -I/System/Library/Frameworks/Python.framework/Versions/2.7/include/python2.7 -I/System/Library/Frameworks/Python.framework/Versions/2.7/include/python2.7 conftest.c >&5
configure:13584: $? = 0
configure:13584: result: yes
configure:13584: checking Python.h presence
configure:13584: gcc -E  -I/System/Library/Frameworks/Python.framework/Versions/2.7/include/python2.7 -I/System/Library/Frameworks/Python.framework/Versions/2.7/include/python2.7 conftest.c
configure:13584: $? = 0
configure:13584: result: yes
configure:13584: checking for Python.h
configure:13584: result: yes
configure:13613: checking for cython
configure:13629: found /usr/local/bin/cython
configure:13641: result: yes
configure:13661: checking for pkg-config
configure:13689: result: no
configure:14140: creating ./config.status

## ---------------------- ##
## Running config.status. ##
## ---------------------- ##

This file was extended by sphinxbase config.status 0.8, which was
generated by GNU Autoconf 2.65.  Invocation command line was

  CONFIG_FILES    = 
  CONFIG_HEADERS  = 
  CONFIG_LINKS    = 
  CONFIG_COMMANDS = 
  $ ./config.status 

on MacBook-Pro-de-Zhaolun.local

config.status:1146: creating sphinxbase.pc
config.status:1146: creating Makefile
config.status:1146: creating include/Makefile
config.status:1146: creating include/sphinxbase/Makefile
config.status:1146: creating python/Makefile
config.status:1146: creating python/setup.py
config.status:1146: creating src/Makefile
config.status:1146: creating src/libsphinxad/Makefile
config.status:1146: creating src/libsphinxbase/Makefile
config.status:1146: creating src/libsphinxbase/util/Makefile
config.status:1146: creating src/libsphinxbase/feat/Makefile
config.status:1146: creating src/libsphinxbase/fe/Makefile
config.status:1146: creating src/libsphinxbase/lm/Makefile
config.status:1146: creating src/sphinx_fe/Makefile
config.status:1146: creating src/sphinx_cepview/Makefile
config.status:1146: creating src/sphinx_jsgf2fsg/Makefile
config.status:1146: creating src/sphinx_adtools/Makefile
config.status:1146: creating src/sphinx_lmtools/Makefile
config.status:1146: creating doc/Makefile
config.status:1146: creating doc/doxyfile
config.status:1146: creating test/Makefile
config.status:1146: creating test/unit/testfuncs.sh
config.status:1146: creating test/unit/Makefile
config.status:1146: creating test/unit/test_ad/Makefile
config.status:1146: creating test/unit/test_alloc/Makefile
config.status:1146: creating test/unit/test_bitvec/Makefile
config.status:1146: creating test/unit/test_case/Makefile
config.status:1146: creating test/unit/test_string/Makefile
config.status:1146: creating test/unit/test_cmdln/Makefile
config.status:1146: creating test/unit/test_hash/Makefile
config.status:1146: creating test/unit/test_matrix/Makefile
config.status:1146: creating test/unit/test_feat/Makefile
config.status:1146: creating test/unit/test_fe/Makefile
config.status:1146: creating test/unit/test_logmath/Makefile
config.status:1146: creating test/unit/test_lineiter/Makefile
config.status:1146: creating test/unit/test_ngram/Makefile
config.status:1146: creating test/unit/test_fsg/Makefile
config.status:1146: creating test/unit/test_thread/Makefile
config.status:1146: creating test/unit/test_util/Makefile
config.status:1146: creating test/regression/testfuncs.sh
config.status:1146: creating test/regression/Makefile
config.status:1146: creating include/config.h
config.status:1318: include/config.h is unchanged
config.status:1146: creating include/sphinx_config.h
config.status:1318: include/sphinx_config.h is unchanged
config.status:1366: executing depfiles commands
config.status:1366: executing libtool commands

## ---------------- ##
## Cache variables. ##
## ---------------- ##

ac_cv_build=x86_64-apple-darwin15.0.0
ac_cv_c_bigendian=no
ac_cv_c_compiler_gnu=yes
ac_cv_env_CC_set=
ac_cv_env_CC_value=
ac_cv_env_CFLAGS_set=
ac_cv_env_CFLAGS_value=
ac_cv_env_CPPFLAGS_set=
ac_cv_env_CPPFLAGS_value=
ac_cv_env_CPP_set=
ac_cv_env_CPP_value=
ac_cv_env_LDFLAGS_set=
ac_cv_env_LDFLAGS_value=
ac_cv_env_LIBS_set=
ac_cv_env_LIBS_value=
ac_cv_env_PKG_CONFIG_set=
ac_cv_env_PKG_CONFIG_value=
ac_cv_env_SAMPLERATE_CFLAGS_set=
ac_cv_env_SAMPLERATE_CFLAGS_value=
ac_cv_env_SAMPLERATE_LIBS_set=
ac_cv_env_SAMPLERATE_LIBS_value=
ac_cv_env_SNDFILE_CFLAGS_set=
ac_cv_env_SNDFILE_CFLAGS_value=
ac_cv_env_SNDFILE_LIBS_set=
ac_cv_env_SNDFILE_LIBS_value=
ac_cv_env_YACC_set=
ac_cv_env_YACC_value=
ac_cv_env_build_alias_set=
ac_cv_env_build_alias_value=
ac_cv_env_host_alias_set=
ac_cv_env_host_alias_value=
ac_cv_env_target_alias_set=
ac_cv_env_target_alias_value=
ac_cv_func_perror=yes
ac_cv_func_popen=yes
ac_cv_func_snprintf=yes
ac_cv_header_Python_h=yes
ac_cv_header_dlfcn_h=yes
ac_cv_header_errno_h=yes
ac_cv_header_inttypes_h=yes
ac_cv_header_memory_h=yes
ac_cv_header_pthread_h=yes
ac_cv_header_stdc=yes
ac_cv_header_stdint_h=yes
ac_cv_header_stdlib_h=yes
ac_cv_header_string_h=yes
ac_cv_header_strings_h=yes
ac_cv_header_sys_stat_h=yes
ac_cv_header_sys_types_h=yes
ac_cv_header_unistd_h=yes
ac_cv_host=x86_64-apple-darwin15.0.0
ac_cv_lib_blas_sgemm_=yes
ac_cv_lib_lapack_sgesv_=yes
ac_cv_lib_m_log=yes
ac_cv_lib_pthread_pthread_create=yes
ac_cv_objext=o
ac_cv_path_EGREP='/usr/bin/grep -E'
ac_cv_path_FGREP='/usr/bin/grep -F'
ac_cv_path_GREP=/usr/bin/grep
ac_cv_path_PYTHON=/usr/bin/python
ac_cv_path_PYTHON_CONFIG=/usr/bin/python-config
ac_cv_path_SED=/usr/bin/sed
ac_cv_path_install='/usr/bin/install -c'
ac_cv_prog_AWK=awk
ac_cv_prog_CPP='gcc -E'
ac_cv_prog_HAVE_CYTHON=yes
ac_cv_prog_HAVE_DOXYGEN=no
ac_cv_prog_HAVE_PKGCONFIG=no
ac_cv_prog_YACC='bison -y'
ac_cv_prog_ac_ct_AR=ar
ac_cv_prog_ac_ct_CC=gcc
ac_cv_prog_ac_ct_DSYMUTIL=dsymutil
ac_cv_prog_ac_ct_LIPO=lipo
ac_cv_prog_ac_ct_NMEDIT=nmedit
ac_cv_prog_ac_ct_OTOOL=otool
ac_cv_prog_ac_ct_RANLIB=ranlib
ac_cv_prog_ac_ct_STRIP=strip
ac_cv_prog_cc_c89=
ac_cv_prog_cc_c99=
ac_cv_prog_cc_g=yes
ac_cv_prog_cc_stdc=
ac_cv_prog_make_make_set=yes
ac_cv_search_strerror='none required'
ac_cv_sizeof_long=8
ac_cv_sizeof_long_long=8
ac_cv_type_long_long=yes
ac_cv_type_signal=void
acl_cv_hardcode_direct=no
acl_cv_hardcode_libdir_flag_spec=
acl_cv_hardcode_libdir_separator=
acl_cv_hardcode_minus_L=no
acl_cv_libext=a
acl_cv_path_LD=/Library/Developer/CommandLineTools/usr/bin/ld
acl_cv_prog_gnu_ld=no
acl_cv_rpath=done
acl_cv_shlibext=dylib
acl_cv_wl=-Wl,
am_cv_CC_dependencies_compiler_type=gcc3
am_cv_func_iconv=yes
am_cv_lib_iconv=yes
am_cv_proto_iconv='extern size_t iconv (iconv_t cd, char * *inbuf, size_t *inbytesleft, char * *outbuf, size_t *outbytesleft);'
am_cv_proto_iconv_arg1=
lt_cv_apple_cc_single_mod=yes
lt_cv_deplibs_check_method=pass_all
lt_cv_file_magic_cmd='$MAGIC_CMD'
lt_cv_file_magic_test_file=
lt_cv_ld_exported_symbols_list=yes
lt_cv_ld_reload_flag=-r
lt_cv_nm_interface='BSD nm'
lt_cv_objdir=.libs
lt_cv_path_LD=/Library/Developer/CommandLineTools/usr/bin/ld
lt_cv_path_NM=/usr/bin/nm
lt_cv_prog_compiler_c_o=yes
lt_cv_prog_compiler_pic_works=yes
lt_cv_prog_compiler_rtti_exceptions=yes
lt_cv_prog_compiler_static_works=no
lt_cv_prog_gnu_ld=no
lt_cv_sys_global_symbol_pipe='sed -n -e '\''s/^.*[	 ]\([BCDEGRST][BCDEGRST]*\)[	 ][	 ]*_\([_A-Za-z][_A-Za-z0-9]*\)$/\1 _\2 \2/p'\'''
lt_cv_sys_global_symbol_to_c_name_address='sed -n -e '\''s/^: \([^ ]*\) $/  {\"\1\", (void *) 0},/p'\'' -e '\''s/^[BCDEGRST]* \([^ ]*\) \([^ ]*\)$/  {"\2", (void *) \&\2},/p'\'''
lt_cv_sys_global_symbol_to_c_name_address_lib_prefix='sed -n -e '\''s/^: \([^ ]*\) $/  {\"\1\", (void *) 0},/p'\'' -e '\''s/^[BCDEGRST]* \([^ ]*\) \(lib[^ ]*\)$/  {"\2", (void *) \&\2},/p'\'' -e '\''s/^[BCDEGRST]* \([^ ]*\) \([^ ]*\)$/  {"lib\2", (void *) \&\2},/p'\'''
lt_cv_sys_global_symbol_to_cdecl='sed -n -e '\''s/^T .* \(.*\)$/extern int \1();/p'\'' -e '\''s/^[BCDEGRST]* .* \(.*\)$/extern char \1;/p'\'''
lt_cv_sys_max_cmd_len=196608

## ----------------- ##
## Output variables. ##
## ----------------- ##

ACLOCAL='${SHELL} /Users/zhaolun/Desktop/SBitchRecognition/src/sphinxbase-0.8/missing --run aclocal-1.11'
AMDEPBACKSLASH='\'
AMDEP_FALSE='#'
AMDEP_TRUE=''
AMTAR='${SHELL} /Users/zhaolun/Desktop/SBitchRecognition/src/sphinxbase-0.8/missing --run tar'
AR='ar'
AUTOCONF='${SHELL} /Users/zhaolun/Desktop/SBitchRecognition/src/sphinxbase-0.8/missing --run autoconf'
AUTOHEADER='${SHELL} /Users/zhaolun/Desktop/SBitchRecognition/src/sphinxbase-0.8/missing --run autoheader'
AUTOMAKE='${SHELL} /Users/zhaolun/Desktop/SBitchRecognition/src/sphinxbase-0.8/missing --run automake-1.11'
AWK='awk'
BUILD_CYTHON_FALSE='#'
BUILD_CYTHON_TRUE=''
BUILD_DOXYGEN_FALSE=''
BUILD_DOXYGEN_TRUE='#'
BUILD_PYTHON_FALSE='#'
BUILD_PYTHON_TRUE=''
CC='gcc'
CCDEPMODE='depmode=gcc3'
CFLAGS='-g -O2 -Wall'
CPP='gcc -E'
CPPFLAGS=' -I/System/Library/Frameworks/Python.framework/Versions/2.7/include/python2.7 -I/System/Library/Frameworks/Python.framework/Versions/2.7/include/python2.7'
CYGPATH_W='echo'
DEFS='-DHAVE_CONFIG_H'
DEPDIR='.deps'
DSYMUTIL='dsymutil'
DUMPBIN=''
ECHO_C='\c'
ECHO_N=''
ECHO_T=''
EGREP='/usr/bin/grep -E'
EXEEXT=''
FGREP='/usr/bin/grep -F'
FIXED_POINT_FALSE=''
FIXED_POINT_TRUE='#'
GREP='/usr/bin/grep'
HAVE_CYTHON='yes'
HAVE_DOXYGEN='no'
HAVE_PKGCONFIG='no'
INSTALL_DATA='${INSTALL} -m 644'
INSTALL_PROGRAM='${INSTALL}'
INSTALL_SCRIPT='${INSTALL}'
INSTALL_STRIP_PROGRAM='$(install_sh) -c -s'
LAPACK_LITE_FALSE=''
LAPACK_LITE_TRUE='#'
LD='/Library/Developer/CommandLineTools/usr/bin/ld'
LDFLAGS=''
LIBICONV='-liconv'
LIBOBJS=''
LIBS='-lpthread -lm -lblas -llapack '
LIBTOOL='$(SHELL) $(top_builddir)/libtool'
LIPO='lipo'
LN_S='ln -s'
LTLIBICONV='-liconv'
LTLIBOBJS=''
MAKEINFO='${SHELL} /Users/zhaolun/Desktop/SBitchRecognition/src/sphinxbase-0.8/missing --run makeinfo'
MKDIR_P='./install-sh -c -d'
NM='/usr/bin/nm'
NMEDIT='nmedit'
OBJDUMP='false'
OBJEXT='o'
OTOOL64=':'
OTOOL='otool'
PACKAGE='sphinxbase'
PACKAGE_BUGREPORT=''
PACKAGE_NAME='sphinxbase'
PACKAGE_STRING='sphinxbase 0.8'
PACKAGE_TARNAME='sphinxbase'
PACKAGE_URL=''
PACKAGE_VERSION='0.8'
PATH_SEPARATOR=':'
PKG_CONFIG=''
PYTHON='/usr/bin/python'
PYTHON_CONFIG='/usr/bin/python-config'
RANLIB='ranlib'
SAMPLERATE_CFLAGS=''
SAMPLERATE_LIBS=''
SED='/usr/bin/sed'
SET_MAKE=''
SHELL='/bin/sh'
SNDFILE_CFLAGS=''
SNDFILE_LIBS=''
STRIP='strip'
USE_LAPACK_FALSE='#'
USE_LAPACK_TRUE=''
USE_THREADS_FALSE='#'
USE_THREADS_TRUE=''
VERSION='0.8'
YACC='bison -y'
ac_ct_CC='gcc'
ac_ct_DUMPBIN=''
ad_backend='AD_BACKEND_NONE'
ad_files='ad_base.lo'
ad_libs=''
am__EXEEXT_FALSE=''
am__EXEEXT_TRUE='#'
am__fastdepCC_FALSE='#'
am__fastdepCC_TRUE=''
am__include='include'
am__isrc=''
am__leading_dot='.'
am__quote=''
am__tar='${AMTAR} chof - "$$tardir"'
am__untar='${AMTAR} xf -'
bindir='${exec_prefix}/bin'
build='x86_64-apple-darwin15.0.0'
build_alias=''
build_cpu='x86_64'
build_os='darwin15.0.0'
build_vendor='apple'
datadir='${datarootdir}'
datarootdir='${prefix}/share'
docdir='${datarootdir}/doc/${PACKAGE_TARNAME}'
dvidir='${docdir}'
exec_prefix='${prefix}'
host='x86_64-apple-darwin15.0.0'
host_alias=''
host_cpu='x86_64'
host_os='darwin15.0.0'
host_vendor='apple'
htmldir='${docdir}'
includedir='${prefix}/include'
infodir='${datarootdir}/info'
install_sh='${SHELL} /Users/zhaolun/Desktop/SBitchRecognition/src/sphinxbase-0.8/install-sh'
libdir='${exec_prefix}/lib'
libexecdir='${exec_prefix}/libexec'
localedir='${datarootdir}/locale'
localstatedir='${prefix}/var'
lt_ECHO='/bin/echo'
mandir='${datarootdir}/man'
mkdir_p='$(top_builddir)/./install-sh -c -d'
oldincludedir='/usr/include'
pdfdir='${docdir}'
prefix='/usr/local'
program_transform_name='s,x,x,'
psdir='${docdir}'
sbindir='${exec_prefix}/sbin'
sharedstatedir='${prefix}/com'
sysconfdir='${prefix}/etc'
target_alias=''

## ----------- ##
## confdefs.h. ##
## ----------- ##

/* confdefs.h */
#define PACKAGE_NAME "sphinxbase"
#define PACKAGE_TARNAME "sphinxbase"
#define PACKAGE_VERSION "0.8"
#define PACKAGE_STRING "sphinxbase 0.8"
#define PACKAGE_BUGREPORT ""
#define PACKAGE_URL ""
#define STDC_HEADERS 1
#define HAVE_SYS_TYPES_H 1
#define HAVE_SYS_STAT_H 1
#define HAVE_STDLIB_H 1
#define HAVE_STRING_H 1
#define HAVE_MEMORY_H 1
#define HAVE_STRINGS_H 1
#define HAVE_INTTYPES_H 1
#define HAVE_STDINT_H 1
#define HAVE_UNISTD_H 1
#define RETSIGTYPE void
#define HAVE_LONG_LONG 1
#define SIZEOF_LONG_LONG 8
#define SIZEOF_LONG 8
#define HAVE_POPEN 1
#define HAVE_PERROR 1
#define HAVE_SNPRINTF 1
#define HAVE_ICONV 1
#define ICONV_CONST 
#define HAVE_LIBLAPACK 1
#define HAVE_LIBBLAS 1
#define WITH_LAPACK /**/
#define HAVE_LIBM 1
#define HAVE_PTHREAD_H 1
#define HAVE_LIBPTHREAD 1
#define ENABLE_THREADS /**/
#define AD_BACKEND_NONE /**/
#define HAVE_DLFCN_H 1
#define LT_OBJDIR ".libs/"

configure: exit 0

## ---------------------- ##
## Running config.status. ##
## ---------------------- ##

This file was extended by sphinxbase config.status 0.8, which was
generated by GNU Autoconf 2.65.  Invocation command line was

  CONFIG_FILES    = 
  CONFIG_HEADERS  = 
  CONFIG_LINKS    = 
  CONFIG_COMMANDS = 
  $ ./config.status sphinxbase.pc

on MacBook-Pro-de-Zhaolun.local

config.status:1146: creating sphinxbase.pc
